


ARM Macro Assembler    Page 1 


    1 00000000 00000400 
                       Stack_Size
                               EQU              0x00000400
    2 00000000         
    3 00000000                 AREA             STACK, NOINIT, READWRITE, ALIGN
=4
    4 00000000         Stack_Mem
                               SPACE            Stack_Size
    5 00000400         __initial_sp
    6 00000400         
    7 00000400 00000400 
                       Heap_Size
                               EQU              0x00000400
    8 00000400         
    9 00000400                 AREA             HEAP, NOINIT, READWRITE, ALIGN=
4
   10 00000000         __heap_base
   11 00000000         Heap_Mem
                               SPACE            Heap_Size
   12 00000400         __heap_limit
   13 00000400         
   14 00000400         
   15 00000400                 PRESERVE8
   16 00000400                 THUMB
   17 00000400         
   18 00000400                 AREA             RESET, DATA, READONLY
   19 00000000                 EXPORT           __Vectors
   20 00000000         
   21 00000000 00000000 
                       __Vectors
                               DCD              __initial_sp ; Top of Stack
   22 00000004 00000000        DCD              Reset_Handler ; Reset Handler
   23 00000008 00000000        DCD              0           ; NMI Handler
   24 0000000C 00000000        DCD              0           ; Hard Fault Handle
                                                            r
   25 00000010 00000000        DCD              0           ; Reserved
   26 00000014 00000000        DCD              0           ; Reserved
   27 00000018 00000000        DCD              0           ; Reserved
   28 0000001C 00000000        DCD              0           ; Reserved
   29 00000020 00000000        DCD              0           ; Reserved
   30 00000024 00000000        DCD              0           ; Reserved
   31 00000028 00000000        DCD              0           ; Reserved
   32 0000002C 00000000        DCD              0           ; SVCall Handler
   33 00000030 00000000        DCD              0           ; Reserved
   34 00000034 00000000        DCD              0           ; Reserved
   35 00000038 00000000        DCD              0           ; PendSV Handler
   36 0000003C 00000000        DCD              0           ; SysTick Handler
   37 00000040 00000000        DCD              UART_Handler ; IRQ0 Handler
   38 00000044         
   39 00000044                 AREA             |.text|, CODE, READONLY
   40 00000000         
   41 00000000         ; Reset Handler
   42 00000000         
   43 00000000         Reset_Handler
                               PROC
   44 00000000                 GLOBAL           Reset_Handler
   45 00000000                 ENTRY
   46 00000000 4A08            LDR              R2,=0x40000020 
                                                            ;GPIO0 OUT REG ADDR



ARM Macro Assembler    Page 2 


                                                            
   47 00000002 4B09            LDR              R3,=0x40000030 
                                                            ;GPIO1 OUT REG ADDR
                                                            
   48 00000004         
   49 00000004         
   50 00000004         
   51 00000004         SWITCH_LED
   52 00000004 4809            LDR              R0, =0x00   ;GPIO INPUT ENABLE 
                                                            VALUE
   53 00000006 6090            STR              R0, [R2, #8] ;Set input ENABLE
   54 00000008 6851            LDR              R1, [R2, #4] ;read GPIO value
   55 0000000A 2980            CMP              R1, #0x00000080 ;
   56 0000000C D000            BEQ              CORTEX_M0
   57 0000000E E7F9            B                SWITCH_LED
   58 00000010         
   59 00000010         
   60 00000010         CORTEX_M0
   61 00000010                 IMPORT           __main
   62 00000010 4807            LDR              R0, =__main
   63 00000012 4680            MOV              R8, R0
   64 00000014 46C1            MOV              R9, R8
   65 00000016 4700            BX               R0
   66 00000018 E7F4            B                SWITCH_LED
   67 0000001A                 ENDP
   68 0000001A         
   69 0000001A         
   70 0000001A         UART_Handler
                               PROC
   71 0000001A                 EXPORT           UART_Handler    [WEAK]
   72 0000001A                 IMPORT           UARTHandle
   73 0000001A B507            PUSH             {R0,R1,R2,LR}
   74 0000001C F7FF FFFE       BL               UARTHandle
   75 00000020 BD07            POP              {R0,R1,R2,PC}
   76 00000022                 ENDP
   77 00000022         
   78 00000022         
   79 00000022         
   80 00000022         
   81 00000022 00 00           ALIGN            4
   82 00000024         
   83 00000024                 IF               :DEF:__MICROLIB
   84 00000024         
   85 00000024                 EXPORT           __initial_sp
   86 00000024                 EXPORT           __heap_base
   87 00000024                 EXPORT           __heap_limit
   88 00000024         
   89 00000024                 ELSE
  104                          ENDIF
  105 00000024         
  106 00000024                 END
              40000020 
              40000030 
              00000000 
              00000000 
Command Line: --debug --xref --diag_suppress=9931 --cpu=Cortex-M0 --apcs=interw
ork --depend=.\startup_cmsdk_cm0.d -o.\startup_cmsdk_cm0.o -IA:\MDK5\PACK\Keil\
V2M-MPS2_CMx_BSP\1.7.1\Device\CMSDK_CM0\Include --predefine="__MICROLIB SETA 1"
 --predefine="__UVISION_VERSION SETA 535" --predefine="CMSDK_CM0 SETA 1" --list



ARM Macro Assembler    Page 3 


=.\listings\startup_cmsdk_cm0.lst startup_CMSDK_CM0.s



ARM Macro Assembler    Page 1 Alphabetic symbol ordering
Relocatable symbols

STACK 00000000

Symbol: STACK
   Definitions
      At line 3 in file startup_CMSDK_CM0.s
   Uses
      None
Comment: STACK unused
Stack_Mem 00000000

Symbol: Stack_Mem
   Definitions
      At line 4 in file startup_CMSDK_CM0.s
   Uses
      None
Comment: Stack_Mem unused
__initial_sp 00000400

Symbol: __initial_sp
   Definitions
      At line 5 in file startup_CMSDK_CM0.s
   Uses
      At line 21 in file startup_CMSDK_CM0.s
      At line 85 in file startup_CMSDK_CM0.s

3 symbols



ARM Macro Assembler    Page 1 Alphabetic symbol ordering
Relocatable symbols

HEAP 00000000

Symbol: HEAP
   Definitions
      At line 9 in file startup_CMSDK_CM0.s
   Uses
      None
Comment: HEAP unused
Heap_Mem 00000000

Symbol: Heap_Mem
   Definitions
      At line 11 in file startup_CMSDK_CM0.s
   Uses
      None
Comment: Heap_Mem unused
__heap_base 00000000

Symbol: __heap_base
   Definitions
      At line 10 in file startup_CMSDK_CM0.s
   Uses
      At line 86 in file startup_CMSDK_CM0.s
Comment: __heap_base used once
__heap_limit 00000400

Symbol: __heap_limit
   Definitions
      At line 12 in file startup_CMSDK_CM0.s
   Uses
      At line 87 in file startup_CMSDK_CM0.s
Comment: __heap_limit used once
4 symbols



ARM Macro Assembler    Page 1 Alphabetic symbol ordering
Relocatable symbols

RESET 00000000

Symbol: RESET
   Definitions
      At line 18 in file startup_CMSDK_CM0.s
   Uses
      None
Comment: RESET unused
__Vectors 00000000

Symbol: __Vectors
   Definitions
      At line 21 in file startup_CMSDK_CM0.s
   Uses
      At line 19 in file startup_CMSDK_CM0.s
Comment: __Vectors used once
2 symbols



ARM Macro Assembler    Page 1 Alphabetic symbol ordering
Relocatable symbols

.text 00000000

Symbol: .text
   Definitions
      At line 39 in file startup_CMSDK_CM0.s
   Uses
      None
Comment: .text unused
CORTEX_M0 00000010

Symbol: CORTEX_M0
   Definitions
      At line 60 in file startup_CMSDK_CM0.s
   Uses
      At line 56 in file startup_CMSDK_CM0.s
Comment: CORTEX_M0 used once
Reset_Handler 00000000

Symbol: Reset_Handler
   Definitions
      At line 43 in file startup_CMSDK_CM0.s
   Uses
      At line 22 in file startup_CMSDK_CM0.s
      At line 44 in file startup_CMSDK_CM0.s

SWITCH_LED 00000004

Symbol: SWITCH_LED
   Definitions
      At line 51 in file startup_CMSDK_CM0.s
   Uses
      At line 57 in file startup_CMSDK_CM0.s
      At line 66 in file startup_CMSDK_CM0.s

UART_Handler 0000001A

Symbol: UART_Handler
   Definitions
      At line 70 in file startup_CMSDK_CM0.s
   Uses
      At line 37 in file startup_CMSDK_CM0.s
      At line 71 in file startup_CMSDK_CM0.s

5 symbols



ARM Macro Assembler    Page 1 Alphabetic symbol ordering
Absolute symbols

Heap_Size 00000400

Symbol: Heap_Size
   Definitions
      At line 7 in file startup_CMSDK_CM0.s
   Uses
      At line 11 in file startup_CMSDK_CM0.s
Comment: Heap_Size used once
Stack_Size 00000400

Symbol: Stack_Size
   Definitions
      At line 1 in file startup_CMSDK_CM0.s
   Uses
      At line 4 in file startup_CMSDK_CM0.s
Comment: Stack_Size used once
2 symbols



ARM Macro Assembler    Page 1 Alphabetic symbol ordering
External symbols

UARTHandle 00000000

Symbol: UARTHandle
   Definitions
      At line 72 in file startup_CMSDK_CM0.s
   Uses
      At line 74 in file startup_CMSDK_CM0.s
Comment: UARTHandle used once
__main 00000000

Symbol: __main
   Definitions
      At line 61 in file startup_CMSDK_CM0.s
   Uses
      At line 62 in file startup_CMSDK_CM0.s
Comment: __main used once
2 symbols
353 symbols in table
