============================================================
   Tang Dynasty, V5.0.30786
   Copyright:   Shanghai Anlogic Infotech Co., Ltd.
                2011 - 2021
   Executable = A:/TD/bin/td.exe
   Run by =     Mkkoro
   Run Date =   Sat Feb 25 15:53:44 2023

   Run on =     MKKOROµÄ±ùÈÐ
============================================================
RUN-1002 : start command "import_device eagle_s20.db -package BG256"
ARC-1001 : Device Initialization.
ARC-1001 : ------------------------------------------------------------------
ARC-1001 :            OPTION            |          IO          |   SETTING   
ARC-1001 : ------------------------------------------------------------------
ARC-1001 :   cso_b/cclk/mosi/miso/dout  |  T3/R11/T10/P10/S11  |    gpio    
ARC-1001 :             done             |         P13          |    gpio    
ARC-1001 :           program_b          |          T2          |  dedicate  
ARC-1001 :        tdi/tms/tck/tdo       |   C12/A15/C14/E14    |  dedicate  
ARC-1001 : ------------------------------------------------------------------
ARC-1004 : Device setting, marked 5 dedicate IOs in total.
RUN-1001 : Print Global Property
RUN-1001 : -------------------------------------------------------
RUN-1001 :        Parameters        |  Settings  |  Default Values  
RUN-1001 : -------------------------------------------------------
RUN-1001 :          message         |  standard  |     standard     
RUN-1001 :   mixed_pack_place_flow  |     on     |        on        
RUN-1001 :        syn_ip_flow       |    off     |       off        
RUN-1001 :          thread          |    auto    |       auto       
RUN-1001 : -------------------------------------------------------
RUN-1001 : Print Design Property
RUN-1001 : ------------------------------------------------------
RUN-1001 :        Parameters       |  Settings  |  Default Values  
RUN-1001 : ------------------------------------------------------
RUN-1001 :        infer_add        |     on     |        on        
RUN-1001 :        infer_fsm        |    off     |       off        
RUN-1001 :        infer_mult       |     on     |        on        
RUN-1001 :        infer_ram        |     on     |        on        
RUN-1001 :        infer_reg        |     on     |        on        
RUN-1001 :   infer_reg_init_value  |     on     |        on        
RUN-1001 :        infer_rom        |     on     |        on        
RUN-1001 :      infer_shifter      |    off     |       off        
RUN-1001 :         map_dram        |    auto    |       auto       
RUN-1001 : ------------------------------------------------------
RUN-1001 : Print Rtl Property
RUN-1001 : ------------------------------------------------------
RUN-1001 :        Parameters       |  Settings  |  Default Values  
RUN-1001 : ------------------------------------------------------
RUN-1001 :       compress_add      |   ripple   |      ripple      
RUN-1001 :        elf_sload        |    off     |       off        
RUN-1001 :       fix_undriven      |     0      |        0         
RUN-1001 :         flatten         |    off     |       off        
RUN-1001 :       gate_sharing      |     on     |        on        
RUN-1001 :    hdl_warning_level    |   normal   |      normal      
RUN-1001 :   impl_internal_tribuf  |     on     |        on        
RUN-1001 :      impl_set_reset     |     on     |        on        
RUN-1001 :        infer_gsr        |    off     |       off        
RUN-1001 :      keep_hierarchy     |    auto    |       auto       
RUN-1001 :        max_fanout       |    9999    |       9999       
RUN-1001 :      max_oh2bin_len     |     10     |        10        
RUN-1001 :       merge_equal       |     on     |        on        
RUN-1001 :       merge_equiv       |     on     |        on        
RUN-1001 :        merge_mux        |    off     |       off        
RUN-1001 :      min_ce_fanout      |     16     |        16        
RUN-1001 :      min_ripple_len     |    auto    |       auto       
RUN-1001 :       oh2bin_ratio      |    0.08    |       0.08       
RUN-1001 :     opt_adder_fanout    |     on     |        on        
RUN-1001 :        opt_arith        |     on     |        on        
RUN-1001 :       opt_big_gate      |    off     |       off        
RUN-1001 :        opt_const        |     on     |        on        
RUN-1001 :      opt_const_mult     |     on     |        on        
RUN-1001 :       opt_lessthan      |     on     |        on        
RUN-1001 :         opt_mux         |    off     |       off        
RUN-1001 :         opt_ram         |    high    |       high       
RUN-1001 :      rtl_sim_model      |    off     |       off        
RUN-1001 :         seq_syn         |     on     |        on        
RUN-1001 : ------------------------------------------------------
HDL-1007 : analyze verilog file ../RTL/AHBlite_Block_RAM.v
HDL-1007 : analyze verilog file ../RTL/AHBlite_Decoder.v
HDL-1007 : analyze verilog file ../RTL/AHBlite_GPIO.v
HDL-1007 : analyze verilog file ../RTL/AHBlite_Interconnect.v
HDL-1007 : analyze verilog file ../RTL/AHBlite_SlaveMUX.v
HDL-1007 : analyze verilog file ../RTL/Block_RAM.v
HDL-1007 : analyze verilog file ../RTL/GPIO.v
HDL-1007 : analyze verilog file ../RTL/CortexM0_SoC.v
HDL-1007 : analyze verilog file ../RTL/CortexM0_SoC.v
HDL-1007 : analyze verilog file ../RTL/CortexM0_SoC.v
HDL-1007 : analyze verilog file ../RTL/CortexM0_SoC.v
HDL-1007 : analyze verilog file ../RTL/CortexM0_SoC.v
HDL-1007 : analyze verilog file ../RTL/CortexM0_SoC.v
HDL-1007 : analyze verilog file ../RTL/CortexM0_SoC.v
HDL-1007 : analyze verilog file ../RTL/AHBlite_Decoder.v
RUN-1001 : Print Global Property
RUN-1001 : -------------------------------------------------------
RUN-1001 :        Parameters        |  Settings  |  Default Values  
RUN-1001 : -------------------------------------------------------
RUN-1001 :          message         |  standard  |     standard     
RUN-1001 :   mixed_pack_place_flow  |     on     |        on        
RUN-1001 :        syn_ip_flow       |    off     |       off        
RUN-1001 :          thread          |    auto    |       auto       
RUN-1001 : -------------------------------------------------------
RUN-1001 : Print Design Property
RUN-1001 : ------------------------------------------------------
RUN-1001 :        Parameters       |  Settings  |  Default Values  
RUN-1001 : ------------------------------------------------------
RUN-1001 :        infer_add        |     on     |        on        
RUN-1001 :        infer_fsm        |    off     |       off        
RUN-1001 :        infer_mult       |     on     |        on        
RUN-1001 :        infer_ram        |     on     |        on        
RUN-1001 :        infer_reg        |     on     |        on        
RUN-1001 :   infer_reg_init_value  |     on     |        on        
RUN-1001 :        infer_rom        |     on     |        on        
RUN-1001 :      infer_shifter      |    off     |       off        
RUN-1001 :         map_dram        |    auto    |       auto       
RUN-1001 : ------------------------------------------------------
RUN-1001 : Print Rtl Property
RUN-1001 : ------------------------------------------------------
RUN-1001 :        Parameters       |  Settings  |  Default Values  
RUN-1001 : ------------------------------------------------------
RUN-1001 :       compress_add      |   ripple   |      ripple      
RUN-1001 :        elf_sload        |    off     |       off        
RUN-1001 :       fix_undriven      |     0      |        0         
RUN-1001 :         flatten         |    off     |       off        
RUN-1001 :       gate_sharing      |     on     |        on        
RUN-1001 :    hdl_warning_level    |   normal   |      normal      
RUN-1001 :   impl_internal_tribuf  |     on     |        on        
RUN-1001 :      impl_set_reset     |     on     |        on        
RUN-1001 :        infer_gsr        |    off     |       off        
RUN-1001 :      keep_hierarchy     |    auto    |       auto       
RUN-1001 :        max_fanout       |    9999    |       9999       
RUN-1001 :      max_oh2bin_len     |     10     |        10        
RUN-1001 :       merge_equal       |     on     |        on        
RUN-1001 :       merge_equiv       |     on     |        on        
RUN-1001 :        merge_mux        |    off     |       off        
RUN-1001 :      min_ce_fanout      |     16     |        16        
RUN-1001 :      min_ripple_len     |    auto    |       auto       
RUN-1001 :       oh2bin_ratio      |    0.08    |       0.08       
RUN-1001 :     opt_adder_fanout    |     on     |        on        
RUN-1001 :        opt_arith        |     on     |        on        
RUN-1001 :       opt_big_gate      |    off     |       off        
RUN-1001 :        opt_const        |     on     |        on        
RUN-1001 :      opt_const_mult     |     on     |        on        
RUN-1001 :       opt_lessthan      |     on     |        on        
RUN-1001 :         opt_mux         |    off     |       off        
RUN-1001 :         opt_ram         |    high    |       high       
RUN-1001 :      rtl_sim_model      |    off     |       off        
RUN-1001 :         seq_syn         |     on     |        on        
RUN-1001 : ------------------------------------------------------
HDL-1007 : analyze verilog file ../RTL/CortexM0_SoC.v
HDL-1007 : analyze verilog file ../RTL/cortexm0ds_logic.v
HDL-1007 : analyze verilog file ../RTL/AHBlite_Block_RAM.v
HDL-1007 : analyze verilog file ../RTL/AHBlite_Decoder.v
HDL-1007 : analyze verilog file ../RTL/AHBlite_GPIO.v
HDL-1007 : analyze verilog file ../RTL/AHBlite_Interconnect.v
HDL-1007 : analyze verilog file ../RTL/AHBlite_SlaveMUX.v
HDL-1007 : analyze verilog file ../RTL/Block_RAM.v
HDL-1007 : analyze verilog file ../RTL/GPIO.v
RUN-1002 : start command "elaborate -top CortexM0_SoC"
RUN-1001 : Print Design Property
RUN-1001 : ------------------------------------------------------
RUN-1001 :        Parameters       |  Settings  |  Default Values  
RUN-1001 : ------------------------------------------------------
RUN-1001 :        infer_add        |     on     |        on        
RUN-1001 :        infer_fsm        |    off     |       off        
RUN-1001 :        infer_mult       |     on     |        on        
RUN-1001 :        infer_ram        |     on     |        on        
RUN-1001 :        infer_reg        |     on     |        on        
RUN-1001 :   infer_reg_init_value  |     on     |        on        
RUN-1001 :        infer_rom        |     on     |        on        
RUN-1001 :      infer_shifter      |    off     |       off        
RUN-1001 :         map_dram        |    auto    |       auto       
RUN-1001 : ------------------------------------------------------
RUN-1001 : Print Rtl Property
RUN-1001 : ------------------------------------------------------
RUN-1001 :        Parameters       |  Settings  |  Default Values  
RUN-1001 : ------------------------------------------------------
RUN-1001 :       compress_add      |   ripple   |      ripple      
RUN-1001 :        elf_sload        |    off     |       off        
RUN-1001 :       fix_undriven      |     0      |        0         
RUN-1001 :         flatten         |    off     |       off        
RUN-1001 :       gate_sharing      |     on     |        on        
RUN-1001 :    hdl_warning_level    |   normal   |      normal      
RUN-1001 :   impl_internal_tribuf  |     on     |        on        
RUN-1001 :      impl_set_reset     |     on     |        on        
RUN-1001 :        infer_gsr        |    off     |       off        
RUN-1001 :      keep_hierarchy     |    auto    |       auto       
RUN-1001 :        max_fanout       |    9999    |       9999       
RUN-1001 :      max_oh2bin_len     |     10     |        10        
RUN-1001 :       merge_equal       |     on     |        on        
RUN-1001 :       merge_equiv       |     on     |        on        
RUN-1001 :        merge_mux        |    off     |       off        
RUN-1001 :      min_ce_fanout      |     16     |        16        
RUN-1001 :      min_ripple_len     |    auto    |       auto       
RUN-1001 :       oh2bin_ratio      |    0.08    |       0.08       
RUN-1001 :     opt_adder_fanout    |     on     |        on        
RUN-1001 :        opt_arith        |     on     |        on        
RUN-1001 :       opt_big_gate      |    off     |       off        
RUN-1001 :        opt_const        |     on     |        on        
RUN-1001 :      opt_const_mult     |     on     |        on        
RUN-1001 :       opt_lessthan      |     on     |        on        
RUN-1001 :         opt_mux         |    off     |       off        
RUN-1001 :         opt_ram         |    high    |       high       
RUN-1001 :      rtl_sim_model      |    off     |       off        
RUN-1001 :         seq_syn         |     on     |        on        
RUN-1001 : ------------------------------------------------------
RUN-1001 : Print Global Property
RUN-1001 : -------------------------------------------------------
RUN-1001 :        Parameters        |  Settings  |  Default Values  
RUN-1001 : -------------------------------------------------------
RUN-1001 :          message         |  standard  |     standard     
RUN-1001 :   mixed_pack_place_flow  |     on     |        on        
RUN-1001 :        syn_ip_flow       |    off     |       off        
RUN-1001 :          thread          |    auto    |       auto       
RUN-1001 : -------------------------------------------------------
RUN-1001 : Print Design Property
RUN-1001 : ------------------------------------------------------
RUN-1001 :        Parameters       |  Settings  |  Default Values  
RUN-1001 : ------------------------------------------------------
RUN-1001 :        infer_add        |     on     |        on        
RUN-1001 :        infer_fsm        |    off     |       off        
RUN-1001 :        infer_mult       |     on     |        on        
RUN-1001 :        infer_ram        |     on     |        on        
RUN-1001 :        infer_reg        |     on     |        on        
RUN-1001 :   infer_reg_init_value  |     on     |        on        
RUN-1001 :        infer_rom        |     on     |        on        
RUN-1001 :      infer_shifter      |    off     |       off        
RUN-1001 :         map_dram        |    auto    |       auto       
RUN-1001 : ------------------------------------------------------
HDL-5007 WARNING: port 'CODENSEQ' remains unconnected for this instance in ../RTL/CortexM0_SoC.v(79)
HDL-1007 : elaborate module CortexM0_SoC in ../RTL/CortexM0_SoC.v(2)
HDL-1007 : elaborate module cortexm0ds_logic in ../RTL/cortexm0ds_logic.v(27)
HDL-1007 : elaborate module AHBlite_Interconnect in ../RTL/AHBlite_Interconnect.v(1)
HDL-1007 : elaborate module AHBlite_Decoder in ../RTL/AHBlite_Decoder.v(1)
HDL-1007 : elaborate module AHBlite_SlaveMUX in ../RTL/AHBlite_SlaveMUX.v(1)
HDL-1007 : elaborate module AHBlite_Block_RAM in ../RTL/AHBlite_Block_RAM.v(1)
HDL-5007 WARNING: actual bit length 1 differs from formal bit length 2 for port 'HRESP' in ../RTL/CortexM0_SoC.v(332)
HDL-5007 WARNING: actual bit length 14 differs from formal bit length 12 for port 'BRAM_WRADDR' in ../RTL/CortexM0_SoC.v(333)
HDL-5007 WARNING: actual bit length 14 differs from formal bit length 12 for port 'BRAM_RDADDR' in ../RTL/CortexM0_SoC.v(334)
HDL-5007 WARNING: actual bit length 1 differs from formal bit length 2 for port 'HRESP' in ../RTL/CortexM0_SoC.v(365)
HDL-5007 WARNING: actual bit length 14 differs from formal bit length 12 for port 'BRAM_RDADDR' in ../RTL/CortexM0_SoC.v(366)
HDL-5007 WARNING: actual bit length 14 differs from formal bit length 12 for port 'BRAM_WRADDR' in ../RTL/CortexM0_SoC.v(367)
HDL-1007 : elaborate module AHBlite_GPIO in ../RTL/AHBlite_GPIO.v(1)
HDL-5007 WARNING: actual bit length 1 differs from formal bit length 8 for port 'oData' in ../RTL/CortexM0_SoC.v(400)
HDL-5007 WARNING: actual bit length 1 differs from formal bit length 8 for port 'iData' in ../RTL/CortexM0_SoC.v(401)
HDL-1007 : elaborate module Block_RAM in ../RTL/Block_RAM.v(1)
HDL-8007 ERROR: cannot open file 'E:/M0/Experiments/Task2/gpio/keil/code.hex' in ../RTL/Block_RAM.v(15)
HDL-1007 : module 'Block_RAM' remains a black box due to errors in its contents in ../RTL/Block_RAM.v(1)
HDL-5007 WARNING: actual bit length 14 differs from formal bit length 12 for port 'addra' in ../RTL/CortexM0_SoC.v(469)
HDL-5007 WARNING: actual bit length 14 differs from formal bit length 12 for port 'addrb' in ../RTL/CortexM0_SoC.v(470)
HDL-5007 WARNING: actual bit length 14 differs from formal bit length 12 for port 'addra' in ../RTL/CortexM0_SoC.v(478)
HDL-5007 WARNING: actual bit length 14 differs from formal bit length 12 for port 'addrb' in ../RTL/CortexM0_SoC.v(479)
HDL-1007 : elaborate module GPIO in ../RTL/GPIO.v(1)
HDL-5007 WARNING: net 'oData0[7]' does not have a driver in ../RTL/CortexM0_SoC.v(380)
HDL-5007 WARNING: net 'outEn0' does not have a driver in ../RTL/CortexM0_SoC.v(382)
HDL-5007 WARNING: net 'iData' does not have a driver in ../RTL/CortexM0_SoC.v(401)
RUN-1001 : Print Global Property
RUN-1001 : -------------------------------------------------------
RUN-1001 :        Parameters        |  Settings  |  Default Values  
RUN-1001 : -------------------------------------------------------
RUN-1001 :          message         |  standard  |     standard     
RUN-1001 :   mixed_pack_place_flow  |     on     |        on        
RUN-1001 :        syn_ip_flow       |    off     |       off        
RUN-1001 :          thread          |    auto    |       auto       
RUN-1001 : -------------------------------------------------------
RUN-1001 : Print Design Property
RUN-1001 : ------------------------------------------------------
RUN-1001 :        Parameters       |  Settings  |  Default Values  
RUN-1001 : ------------------------------------------------------
RUN-1001 :        infer_add        |     on     |        on        
RUN-1001 :        infer_fsm        |    off     |       off        
RUN-1001 :        infer_mult       |     on     |        on        
RUN-1001 :        infer_ram        |     on     |        on        
RUN-1001 :        infer_reg        |     on     |        on        
RUN-1001 :   infer_reg_init_value  |     on     |        on        
RUN-1001 :        infer_rom        |     on     |        on        
RUN-1001 :      infer_shifter      |    off     |       off        
RUN-1001 :         map_dram        |    auto    |       auto       
RUN-1001 : ------------------------------------------------------
RUN-1001 : Print Rtl Property
RUN-1001 : ------------------------------------------------------
RUN-1001 :        Parameters       |  Settings  |  Default Values  
RUN-1001 : ------------------------------------------------------
RUN-1001 :       compress_add      |   ripple   |      ripple      
RUN-1001 :        elf_sload        |    off     |       off        
RUN-1001 :       fix_undriven      |     0      |        0         
RUN-1001 :         flatten         |    off     |       off        
RUN-1001 :       gate_sharing      |     on     |        on        
RUN-1001 :    hdl_warning_level    |   normal   |      normal      
RUN-1001 :   impl_internal_tribuf  |     on     |        on        
RUN-1001 :      impl_set_reset     |     on     |        on        
RUN-1001 :        infer_gsr        |    off     |       off        
RUN-1001 :      keep_hierarchy     |    auto    |       auto       
RUN-1001 :        max_fanout       |    9999    |       9999       
RUN-1001 :      max_oh2bin_len     |     10     |        10        
RUN-1001 :       merge_equal       |     on     |        on        
RUN-1001 :       merge_equiv       |     on     |        on        
RUN-1001 :        merge_mux        |    off     |       off        
RUN-1001 :      min_ce_fanout      |     16     |        16        
RUN-1001 :      min_ripple_len     |    auto    |       auto       
RUN-1001 :       oh2bin_ratio      |    0.08    |       0.08       
RUN-1001 :     opt_adder_fanout    |     on     |        on        
RUN-1001 :        opt_arith        |     on     |        on        
RUN-1001 :       opt_big_gate      |    off     |       off        
RUN-1001 :        opt_const        |     on     |        on        
RUN-1001 :      opt_const_mult     |     on     |        on        
RUN-1001 :       opt_lessthan      |     on     |        on        
RUN-1001 :         opt_mux         |    off     |       off        
RUN-1001 :         opt_ram         |    high    |       high       
RUN-1001 :      rtl_sim_model      |    off     |       off        
RUN-1001 :         seq_syn         |     on     |        on        
RUN-1001 : ------------------------------------------------------
HDL-1007 : analyze verilog file ../RTL/CortexM0_SoC.v
HDL-1007 : analyze verilog file ../RTL/cortexm0ds_logic.v
HDL-1007 : analyze verilog file ../RTL/AHBlite_Block_RAM.v
HDL-1007 : analyze verilog file ../RTL/AHBlite_Decoder.v
HDL-1007 : analyze verilog file ../RTL/AHBlite_GPIO.v
HDL-1007 : analyze verilog file ../RTL/AHBlite_Interconnect.v
HDL-1007 : analyze verilog file ../RTL/AHBlite_SlaveMUX.v
HDL-1007 : analyze verilog file ../RTL/Block_RAM.v
HDL-1007 : analyze verilog file ../RTL/GPIO.v
RUN-1002 : start command "elaborate -top CortexM0_SoC"
RUN-1001 : Print Design Property
RUN-1001 : ------------------------------------------------------
RUN-1001 :        Parameters       |  Settings  |  Default Values  
RUN-1001 : ------------------------------------------------------
RUN-1001 :        infer_add        |     on     |        on        
RUN-1001 :        infer_fsm        |    off     |       off        
RUN-1001 :        infer_mult       |     on     |        on        
RUN-1001 :        infer_ram        |     on     |        on        
RUN-1001 :        infer_reg        |     on     |        on        
RUN-1001 :   infer_reg_init_value  |     on     |        on        
RUN-1001 :        infer_rom        |     on     |        on        
RUN-1001 :      infer_shifter      |    off     |       off        
RUN-1001 :         map_dram        |    auto    |       auto       
RUN-1001 : ------------------------------------------------------
RUN-1001 : Print Rtl Property
RUN-1001 : ------------------------------------------------------
RUN-1001 :        Parameters       |  Settings  |  Default Values  
RUN-1001 : ------------------------------------------------------
RUN-1001 :       compress_add      |   ripple   |      ripple      
RUN-1001 :        elf_sload        |    off     |       off        
RUN-1001 :       fix_undriven      |     0      |        0         
RUN-1001 :         flatten         |    off     |       off        
RUN-1001 :       gate_sharing      |     on     |        on        
RUN-1001 :    hdl_warning_level    |   normal   |      normal      
RUN-1001 :   impl_internal_tribuf  |     on     |        on        
RUN-1001 :      impl_set_reset     |     on     |        on        
RUN-1001 :        infer_gsr        |    off     |       off        
RUN-1001 :      keep_hierarchy     |    auto    |       auto       
RUN-1001 :        max_fanout       |    9999    |       9999       
RUN-1001 :      max_oh2bin_len     |     10     |        10        
RUN-1001 :       merge_equal       |     on     |        on        
RUN-1001 :       merge_equiv       |     on     |        on        
RUN-1001 :        merge_mux        |    off     |       off        
RUN-1001 :      min_ce_fanout      |     16     |        16        
RUN-1001 :      min_ripple_len     |    auto    |       auto       
RUN-1001 :       oh2bin_ratio      |    0.08    |       0.08       
RUN-1001 :     opt_adder_fanout    |     on     |        on        
RUN-1001 :        opt_arith        |     on     |        on        
RUN-1001 :       opt_big_gate      |    off     |       off        
RUN-1001 :        opt_const        |     on     |        on        
RUN-1001 :      opt_const_mult     |     on     |        on        
RUN-1001 :       opt_lessthan      |     on     |        on        
RUN-1001 :         opt_mux         |    off     |       off        
RUN-1001 :         opt_ram         |    high    |       high       
RUN-1001 :      rtl_sim_model      |    off     |       off        
RUN-1001 :         seq_syn         |     on     |        on        
RUN-1001 : ------------------------------------------------------
RUN-1001 : Print Global Property
RUN-1001 : -------------------------------------------------------
RUN-1001 :        Parameters        |  Settings  |  Default Values  
RUN-1001 : -------------------------------------------------------
RUN-1001 :          message         |  standard  |     standard     
RUN-1001 :   mixed_pack_place_flow  |     on     |        on        
RUN-1001 :        syn_ip_flow       |    off     |       off        
RUN-1001 :          thread          |    auto    |       auto       
RUN-1001 : -------------------------------------------------------
RUN-1001 : Print Design Property
RUN-1001 : ------------------------------------------------------
RUN-1001 :        Parameters       |  Settings  |  Default Values  
RUN-1001 : ------------------------------------------------------
RUN-1001 :        infer_add        |     on     |        on        
RUN-1001 :        infer_fsm        |    off     |       off        
RUN-1001 :        infer_mult       |     on     |        on        
RUN-1001 :        infer_ram        |     on     |        on        
RUN-1001 :        infer_reg        |     on     |        on        
RUN-1001 :   infer_reg_init_value  |     on     |        on        
RUN-1001 :        infer_rom        |     on     |        on        
RUN-1001 :      infer_shifter      |    off     |       off        
RUN-1001 :         map_dram        |    auto    |       auto       
RUN-1001 : ------------------------------------------------------
HDL-5007 WARNING: port 'CODENSEQ' remains unconnected for this instance in ../RTL/CortexM0_SoC.v(79)
HDL-1007 : elaborate module CortexM0_SoC in ../RTL/CortexM0_SoC.v(2)
HDL-1007 : elaborate module cortexm0ds_logic in ../RTL/cortexm0ds_logic.v(27)
HDL-1007 : elaborate module AHBlite_Interconnect in ../RTL/AHBlite_Interconnect.v(1)
HDL-1007 : elaborate module AHBlite_Decoder in ../RTL/AHBlite_Decoder.v(1)
HDL-1007 : elaborate module AHBlite_SlaveMUX in ../RTL/AHBlite_SlaveMUX.v(1)
HDL-1007 : elaborate module AHBlite_Block_RAM in ../RTL/AHBlite_Block_RAM.v(1)
HDL-5007 WARNING: actual bit length 1 differs from formal bit length 2 for port 'HRESP' in ../RTL/CortexM0_SoC.v(332)
HDL-5007 WARNING: actual bit length 14 differs from formal bit length 12 for port 'BRAM_WRADDR' in ../RTL/CortexM0_SoC.v(333)
HDL-5007 WARNING: actual bit length 14 differs from formal bit length 12 for port 'BRAM_RDADDR' in ../RTL/CortexM0_SoC.v(334)
HDL-5007 WARNING: actual bit length 1 differs from formal bit length 2 for port 'HRESP' in ../RTL/CortexM0_SoC.v(365)
HDL-5007 WARNING: actual bit length 14 differs from formal bit length 12 for port 'BRAM_RDADDR' in ../RTL/CortexM0_SoC.v(366)
HDL-5007 WARNING: actual bit length 14 differs from formal bit length 12 for port 'BRAM_WRADDR' in ../RTL/CortexM0_SoC.v(367)
HDL-1007 : elaborate module AHBlite_GPIO in ../RTL/AHBlite_GPIO.v(1)
HDL-5007 WARNING: actual bit length 1 differs from formal bit length 8 for port 'oData' in ../RTL/CortexM0_SoC.v(400)
HDL-5007 WARNING: actual bit length 1 differs from formal bit length 8 for port 'iData' in ../RTL/CortexM0_SoC.v(401)
HDL-1007 : elaborate module Block_RAM in ../RTL/Block_RAM.v(1)
HDL-8007 ERROR: cannot open file 'E:/M0/Experiments/Task2/gpio/keil/code.hex' in ../RTL/Block_RAM.v(15)
HDL-1007 : module 'Block_RAM' remains a black box due to errors in its contents in ../RTL/Block_RAM.v(1)
HDL-5007 WARNING: actual bit length 14 differs from formal bit length 12 for port 'addra' in ../RTL/CortexM0_SoC.v(469)
HDL-5007 WARNING: actual bit length 14 differs from formal bit length 12 for port 'addrb' in ../RTL/CortexM0_SoC.v(470)
HDL-5007 WARNING: actual bit length 14 differs from formal bit length 12 for port 'addra' in ../RTL/CortexM0_SoC.v(478)
HDL-5007 WARNING: actual bit length 14 differs from formal bit length 12 for port 'addrb' in ../RTL/CortexM0_SoC.v(479)
HDL-1007 : elaborate module GPIO in ../RTL/GPIO.v(1)
HDL-5007 WARNING: net 'oData0[7]' does not have a driver in ../RTL/CortexM0_SoC.v(380)
HDL-5007 WARNING: net 'outEn0' does not have a driver in ../RTL/CortexM0_SoC.v(382)
HDL-5007 WARNING: net 'iData' does not have a driver in ../RTL/CortexM0_SoC.v(401)
RUN-1001 : Print Global Property
RUN-1001 : -------------------------------------------------------
RUN-1001 :        Parameters        |  Settings  |  Default Values  
RUN-1001 : -------------------------------------------------------
RUN-1001 :          message         |  standard  |     standard     
RUN-1001 :   mixed_pack_place_flow  |     on     |        on        
RUN-1001 :        syn_ip_flow       |    off     |       off        
RUN-1001 :          thread          |    auto    |       auto       
RUN-1001 : -------------------------------------------------------
RUN-1001 : Print Design Property
RUN-1001 : ------------------------------------------------------
RUN-1001 :        Parameters       |  Settings  |  Default Values  
RUN-1001 : ------------------------------------------------------
RUN-1001 :        infer_add        |     on     |        on        
RUN-1001 :        infer_fsm        |    off     |       off        
RUN-1001 :        infer_mult       |     on     |        on        
RUN-1001 :        infer_ram        |     on     |        on        
RUN-1001 :        infer_reg        |     on     |        on        
RUN-1001 :   infer_reg_init_value  |     on     |        on        
RUN-1001 :        infer_rom        |     on     |        on        
RUN-1001 :      infer_shifter      |    off     |       off        
RUN-1001 :         map_dram        |    auto    |       auto       
RUN-1001 : ------------------------------------------------------
RUN-1001 : Print Rtl Property
RUN-1001 : ------------------------------------------------------
RUN-1001 :        Parameters       |  Settings  |  Default Values  
RUN-1001 : ------------------------------------------------------
RUN-1001 :       compress_add      |   ripple   |      ripple      
RUN-1001 :        elf_sload        |    off     |       off        
RUN-1001 :       fix_undriven      |     0      |        0         
RUN-1001 :         flatten         |    off     |       off        
RUN-1001 :       gate_sharing      |     on     |        on        
RUN-1001 :    hdl_warning_level    |   normal   |      normal      
RUN-1001 :   impl_internal_tribuf  |     on     |        on        
RUN-1001 :      impl_set_reset     |     on     |        on        
RUN-1001 :        infer_gsr        |    off     |       off        
RUN-1001 :      keep_hierarchy     |    auto    |       auto       
RUN-1001 :        max_fanout       |    9999    |       9999       
RUN-1001 :      max_oh2bin_len     |     10     |        10        
RUN-1001 :       merge_equal       |     on     |        on        
RUN-1001 :       merge_equiv       |     on     |        on        
RUN-1001 :        merge_mux        |    off     |       off        
RUN-1001 :      min_ce_fanout      |     16     |        16        
RUN-1001 :      min_ripple_len     |    auto    |       auto       
RUN-1001 :       oh2bin_ratio      |    0.08    |       0.08       
RUN-1001 :     opt_adder_fanout    |     on     |        on        
RUN-1001 :        opt_arith        |     on     |        on        
RUN-1001 :       opt_big_gate      |    off     |       off        
RUN-1001 :        opt_const        |     on     |        on        
RUN-1001 :      opt_const_mult     |     on     |        on        
RUN-1001 :       opt_lessthan      |     on     |        on        
RUN-1001 :         opt_mux         |    off     |       off        
RUN-1001 :         opt_ram         |    high    |       high       
RUN-1001 :      rtl_sim_model      |    off     |       off        
RUN-1001 :         seq_syn         |     on     |        on        
RUN-1001 : ------------------------------------------------------
HDL-1007 : analyze verilog file ../RTL/CortexM0_SoC.v
HDL-1007 : analyze verilog file ../RTL/cortexm0ds_logic.v
HDL-1007 : analyze verilog file ../RTL/AHBlite_Block_RAM.v
HDL-1007 : analyze verilog file ../RTL/AHBlite_Decoder.v
HDL-1007 : analyze verilog file ../RTL/AHBlite_GPIO.v
HDL-1007 : analyze verilog file ../RTL/AHBlite_Interconnect.v
HDL-1007 : analyze verilog file ../RTL/AHBlite_SlaveMUX.v
HDL-1007 : analyze verilog file ../RTL/Block_RAM.v
HDL-1007 : analyze verilog file ../RTL/GPIO.v
HDL-1007 : analyze verilog file ../RTL/AHBlite_Decoder.v
