============================================================
   Tang Dynasty, V5.0.30786
   Copyright:   Shanghai Anlogic Infotech Co., Ltd.
                2011 - 2021
   Executable = A:/TD/bin/td.exe
   Run by =     Mkkoro
   Run Date =   Sun Feb 26 11:08:41 2023

   Run on =     MKKOROµÄ±ùÈÐ
============================================================
RUN-1002 : start command "import_device eagle_s20.db -package BG256"
ARC-1001 : Device Initialization.
ARC-1001 : ------------------------------------------------------------------
ARC-1001 :            OPTION            |          IO          |   SETTING   
ARC-1001 : ------------------------------------------------------------------
ARC-1001 :   cso_b/cclk/mosi/miso/dout  |  T3/R11/T10/P10/S11  |    gpio    
ARC-1001 :             done             |         P13          |    gpio    
ARC-1001 :           program_b          |          T2          |  dedicate  
ARC-1001 :        tdi/tms/tck/tdo       |   C12/A15/C14/E14    |  dedicate  
ARC-1001 : ------------------------------------------------------------------
ARC-1004 : Device setting, marked 5 dedicate IOs in total.
HDL-1007 : analyze verilog file ../RTL/AHBlite_Decoder.v
HDL-1007 : analyze verilog file ../RTL/AHBlite_Decoder.v
HDL-1007 : analyze verilog file ../RTL/CortexM0_SoC.v
HDL-1007 : analyze verilog file ../RTL/CortexM0_SoC.v
HDL-8007 ERROR: module instantiations in compilation scope are not allowed in ../RTL/CortexM0_SoC.v(493)
HDL-5007 WARNING: root scope declaration is not allowed in Verilog 95/2K mode in ../RTL/CortexM0_SoC.v(493)
HDL-1007 : Verilog file '../RTL/CortexM0_SoC.v' ignored due to errors
